<?xml version="1.0" encoding="UTF-8"?>
<!-- Generated by org.testng.reporters.JUnitReportReporter -->
<testsuite hostname="DESKTOP-5OA9UT6" failures="0" tests="1" name="com.logintestcases.TestRunners$TestRunner" time="12.930" errors="0" timestamp="2024-04-07T23:26:32 IST" skipped="0">
  <testcase classname="com.logintestcases.TestRunners$TestRunner" name="runScenario" time="12.930"/>
</testsuite> <!-- com.logintestcases.TestRunners$TestRunner -->
