<?xml version="1.0" encoding="UTF-8"?>
<!-- Generated by org.testng.reporters.JUnitReportReporter -->
<testsuite hostname="DESKTOP-5OA9UT6" failures="0" tests="1" name="com.logintestcases.TestRunners$TestRunner" time="13.159" errors="0" timestamp="2024-04-09T11:26:12 IST" skipped="0">
  <testcase classname="com.logintestcases.TestRunners$TestRunner" name="runScenario" time="13.159"/>
</testsuite> <!-- com.logintestcases.TestRunners$TestRunner -->
